# JRE version: Java(TM) SE Runtime Environment (8.0_20-b26) (build 1.8.0_20-b26)
# Java VM: Java HotSpot(TM) 64-Bit Server VM (25.20-b23 mixed mode bsd-amd64 compressed oops)
Heap:
 PSYoungGen      total 260096K, used 10610K [0x0000000795580000, 0x00000007b6380000, 0x00000007c0000000)
  eden space 237568K, 4% used [0x0000000795580000,0x0000000795fdcb38,0x00000007a3d80000)
  from space 22528K, 0% used [0x00000007a3d80000,0x00000007a3d80000,0x00000007a5380000)
  to   space 31744K, 0% used [0x00000007b4480000,0x00000007b4480000,0x00000007b6380000)
 ParOldGen       total 124416K, used 56514K [0x0000000740000000, 0x0000000747980000, 0x0000000795580000)
  object space 124416K, 45% used [0x0000000740000000,0x0000000743730a28,0x0000000747980000)
 Metaspace       used 25577K, capacity 25902K, committed 26240K, reserved 1073152K
  class space    used 3279K, capacity 3383K, committed 3456K, reserved 1048576K
GC Heap History (10 events):
Event: 8.611 GC heap before
{Heap before GC invocations=7 (full 1):
 PSYoungGen      total 71680K, used 71654K [0x0000000795580000, 0x000000079e180000, 0x00000007c0000000)
  eden space 66560K, 100% used [0x0000000795580000,0x0000000799680000,0x0000000799680000)
  from space 5120K, 99% used [0x0000000799680000,0x0000000799b79a40,0x0000000799b80000)
  to   space 5120K, 0% used [0x000000079dc80000,0x000000079dc80000,0x000000079e180000)
 ParOldGen       total 87552K, used 23392K [0x0000000740000000, 0x0000000745580000, 0x0000000795580000)
  object space 87552K, 26% used [0x0000000740000000,0x00000007416d8298,0x0000000745580000)
 Metaspace       used 19255K, capacity 19496K, committed 19712K, reserved 1067008K
  class space    used 2229K, capacity 2294K, committed 2304K, reserved 1048576K
Event: 8.624 GC heap after
Heap after GC invocations=7 (full 1):
 PSYoungGen      total 125440K, used 5117K [0x0000000795580000, 0x000000079fa80000, 0x00000007c0000000)
  eden space 120320K, 0% used [0x0000000795580000,0x0000000795580000,0x000000079cb00000)
  from space 5120K, 99% used [0x000000079dc80000,0x000000079e17f468,0x000000079e180000)
  to   space 17920K, 0% used [0x000000079cb00000,0x000000079cb00000,0x000000079dc80000)
 ParOldGen       total 87552K, used 35766K [0x0000000740000000, 0x0000000745580000, 0x0000000795580000)
  object space 87552K, 40% used [0x0000000740000000,0x00000007422ed8e0,0x0000000745580000)
 Metaspace       used 19255K, capacity 19496K, committed 19712K, reserved 1067008K
  class space    used 2229K, capacity 2294K, committed 2304K, reserved 1048576K
}
Event: 9.596 GC heap before
{Heap before GC invocations=8 (full 1):
 PSYoungGen      total 125440K, used 125437K [0x0000000795580000, 0x000000079fa80000, 0x00000007c0000000)
  eden space 120320K, 100% used [0x0000000795580000,0x000000079cb00000,0x000000079cb00000)
  from space 5120K, 99% used [0x000000079dc80000,0x000000079e17f468,0x000000079e180000)
  to   space 17920K, 0% used [0x000000079cb00000,0x000000079cb00000,0x000000079dc80000)
 ParOldGen       total 87552K, used 35766K [0x0000000740000000, 0x0000000745580000, 0x0000000795580000)
  object space 87552K, 40% used [0x0000000740000000,0x00000007422ed8e0,0x0000000745580000)
 Metaspace       used 21465K, capacity 21774K, committed 21888K, reserved 1069056K
  class space    used 2557K, capacity 2647K, committed 2688K, reserved 1048576K
Event: 9.613 GC heap after
Heap after GC invocations=8 (full 1):
 PSYoungGen      total 138240K, used 14783K [0x0000000795580000, 0x00000007a6680000, 0x00000007c0000000)
  eden space 120320K, 0% used [0x0000000795580000,0x0000000795580000,0x000000079cb00000)
  from space 17920K, 82% used [0x000000079cb00000,0x000000079d96fe78,0x000000079dc80000)
  to   space 19456K, 0% used [0x00000007a5380000,0x00000007a5380000,0x00000007a6680000)
 ParOldGen       total 87552K, used 35774K [0x0000000740000000, 0x0000000745580000, 0x0000000795580000)
  object space 87552K, 40% used [0x0000000740000000,0x00000007422ef8e0,0x0000000745580000)
 Metaspace       used 21465K, capacity 21774K, committed 21888K, reserved 1069056K
  class space    used 2557K, capacity 2647K, committed 2688K, reserved 1048576K
}
Event: 9.986 GC heap before
{Heap before GC invocations=9 (full 1):
 PSYoungGen      total 138240K, used 135103K [0x0000000795580000, 0x00000007a6680000, 0x00000007c0000000)
  eden space 120320K, 100% used [0x0000000795580000,0x000000079cb00000,0x000000079cb00000)
  from space 17920K, 82% used [0x000000079cb00000,0x000000079d96fe78,0x000000079dc80000)
  to   space 19456K, 0% used [0x00000007a5380000,0x00000007a5380000,0x00000007a6680000)
 ParOldGen       total 87552K, used 35774K [0x0000000740000000, 0x0000000745580000, 0x0000000795580000)
  object space 87552K, 40% used [0x0000000740000000,0x00000007422ef8e0,0x0000000745580000)
 Metaspace       used 21546K, capacity 21838K, committed 22144K, reserved 1069056K
  class space    used 2568K, capacity 2647K, committed 2688K, reserved 1048576K
Event: 10.004 GC heap after
Heap after GC invocations=9 (full 1):
 PSYoungGen      total 257024K, used 19427K [0x0000000795580000, 0x00000007a6c80000, 0x00000007c0000000)
  eden space 237568K, 0% used [0x0000000795580000,0x0000000795580000,0x00000007a3d80000)
  from space 19456K, 99% used [0x00000007a5380000,0x00000007a6678dd0,0x00000007a6680000)
  to   space 22528K, 0% used [0x00000007a3d80000,0x00000007a3d80000,0x00000007a5380000)
 ParOldGen       total 87552K, used 37023K [0x0000000740000000, 0x0000000745580000, 0x0000000795580000)
  object space 87552K, 42% used [0x0000000740000000,0x0000000742427e68,0x0000000745580000)
 Metaspace       used 21546K, capacity 21838K, committed 22144K, reserved 1069056K
  class space    used 2568K, capacity 2647K, committed 2688K, reserved 1048576K
}
Event: 11.000 GC heap before
{Heap before GC invocations=10 (full 1):
 PSYoungGen      total 257024K, used 224936K [0x0000000795580000, 0x00000007a6c80000, 0x00000007c0000000)
  eden space 237568K, 86% used [0x0000000795580000,0x00000007a1e314c0,0x00000007a3d80000)
  from space 19456K, 99% used [0x00000007a5380000,0x00000007a6678dd0,0x00000007a6680000)
  to   space 22528K, 0% used [0x00000007a3d80000,0x00000007a3d80000,0x00000007a5380000)
 ParOldGen       total 87552K, used 37023K [0x0000000740000000, 0x0000000745580000, 0x0000000795580000)
  object space 87552K, 42% used [0x0000000740000000,0x0000000742427e68,0x0000000745580000)
 Metaspace       used 25001K, capacity 25262K, committed 25344K, reserved 1071104K
  class space    used 3223K, capacity 3319K, committed 3328K, reserved 1048576K
Event: 11.029 GC heap after
Heap after GC invocations=10 (full 1):
 PSYoungGen      total 260096K, used 22506K [0x0000000795580000, 0x00000007b6380000, 0x00000007c0000000)
  eden space 237568K, 0% used [0x0000000795580000,0x0000000795580000,0x00000007a3d80000)
  from space 22528K, 99% used [0x00000007a3d80000,0x00000007a537a808,0x00000007a5380000)
  to   space 31744K, 0% used [0x00000007b4480000,0x00000007b4480000,0x00000007b6380000)
 ParOldGen       total 87552K, used 51875K [0x0000000740000000, 0x0000000745580000, 0x0000000795580000)
  object space 87552K, 59% used [0x0000000740000000,0x00000007432a8c58,0x0000000745580000)
 Metaspace       used 25001K, capacity 25262K, committed 25344K, reserved 1071104K
  class space    used 3223K, capacity 3319K, committed 3328K, reserved 1048576K
}
Event: 11.029 GC heap before
{Heap before GC invocations=11 (full 2):
 PSYoungGen      total 260096K, used 22506K [0x0000000795580000, 0x00000007b6380000, 0x00000007c0000000)
  eden space 237568K, 0% used [0x0000000795580000,0x0000000795580000,0x00000007a3d80000)
  from space 22528K, 99% used [0x00000007a3d80000,0x00000007a537a808,0x00000007a5380000)
  to   space 31744K, 0% used [0x00000007b4480000,0x00000007b4480000,0x00000007b6380000)
 ParOldGen       total 87552K, used 51875K [0x0000000740000000, 0x0000000745580000, 0x0000000795580000)
  object space 87552K, 59% used [0x0000000740000000,0x00000007432a8c58,0x0000000745580000)
 Metaspace       used 25001K, capacity 25262K, committed 25344K, reserved 1071104K
  class space    used 3223K, capacity 3319K, committed 3328K, reserved 1048576K
Event: 11.173 GC heap after
Heap after GC invocations=11 (full 2):
 PSYoungGen      total 260096K, used 0K [0x0000000795580000, 0x00000007b6380000, 0x00000007c0000000)
  eden space 237568K, 0% used [0x0000000795580000,0x0000000795580000,0x00000007a3d80000)
  from space 22528K, 0% used [0x00000007a3d80000,0x00000007a3d80000,0x00000007a5380000)
  to   space 31744K, 0% used [0x00000007b4480000,0x00000007b4480000,0x00000007b6380000)
 ParOldGen       total 124416K, used 56514K [0x0000000740000000, 0x0000000747980000, 0x0000000795580000)
  object space 124416K, 45% used [0x0000000740000000,0x0000000743730a28,0x0000000747980000)
 Metaspace       used 25001K, capacity 25262K, committed 25344K, reserved 1071104K
  class space    used 3223K, capacity 3319K, committed 3328K, reserved 1048576K
}

